<?xml version="1.0" encoding="UTF-8"?>
<testsuite xmlns:xsi="http://www.w3.org/2001/XMLSchema-instance" xsi:noNamespaceSchemaLocation="https://maven.apache.org/surefire/maven-surefire-plugin/xsd/surefire-test-report-3.0.xsd" version="3.0" name="edu.eci.cvds.tdd.aerodescuentos.TarifasTest" time="0.058" tests="6" errors="0" skipped="0" failures="0">
  <properties>
[...]
</properties>
  <testcase name="validateThatHasNoDiscount" classname="edu.eci.cvds.tdd.aerodescuentos.TarifasTest" time="0.005"/>
  <testcase name="validateDiscountUnder18" classname="edu.eci.cvds.tdd.aerodescuentos.TarifasTest" time="0.0"/>
  <testcase name="validateDiscountForAnticipatedDays" classname="edu.eci.cvds.tdd.aerodescuentos.TarifasTest" time="0.0"/>
  <testcase name="validateDiscountForBeingAnOldMan" classname="edu.eci.cvds.tdd.aerodescuentos.TarifasTest" time="0.0"/>
  <testcase name="validateDiscountUnder18AndAnticipatedDays" classname="edu.eci.cvds.tdd.aerodescuentos.TarifasTest" time="0.0"/>
  <testcase name="validateDiscountForBeingAnOldManAndAnticipatedDays" classname="edu.eci.cvds.tdd.aerodescuentos.TarifasTest" time="0.0"/>
</testsuite>